{
  "RSpec": {
    "coverage": {
      "/rails/app/controllers/application_controller.rb": {
        "lines": [
          null,
          null,
          null,
          1,
          1,
          null
        ],
        "branches": {
        }
      },
      "/rails/app/helpers/application_helper.rb": {
        "lines": [
          null,
          null,
          null,
          null,
          null,
          1,
          null
        ],
        "branches": {
        }
      },
      "/rails/app/models/admin_user.rb": {
        "lines": [
          null,
          null,
          null,
          null,
          null,
          1,
          null,
          null,
          1,
          null,
          null
        ],
        "branches": {
        }
      },
      "/rails/app/models/application_record.rb": {
        "lines": [
          null,
          null,
          null,
          null,
          null,
          1,
          1,
          null
        ],
        "branches": {
        }
      },
      "/rails/app/controllers/order_products_controller.rb": {
        "lines": [
          null,
          null,
          null,
          null,
          null,
          1,
          null,
          null,
          null,
          null,
          null,
          null,
          1,
          null,
          7,
          7,
          null,
          7,
          4,
          null,
          3,
          null,
          null,
          null,
          null,
          null,
          null,
          null,
          null,
          1,
          6,
          6,
          null,
          6,
          3,
          null,
          3,
          null,
          null,
          null,
          null,
          null,
          null,
          null,
          null,
          1,
          3,
          3,
          null,
          3,
          null,
          null
        ],
        "branches": {
          "[:if, 0, 18, 4, 22, 7]": {
            "[:then, 1, 19, 6, 19, 60]": 4,
            "[:else, 2, 21, 6, 21, 89]": 3
          },
          "[:if, 3, 34, 4, 38, 7]": {
            "[:then, 4, 35, 6, 35, 73]": 3,
            "[:else, 5, 37, 6, 37, 97]": 3
          }
        }
      },
      "/rails/app/controllers/orders_controller.rb": {
        "lines": [
          null,
          null,
          null,
          null,
          null,
          1,
          null,
          null,
          null,
          null,
          1,
          3,
          null,
          null,
          null,
          null,
          null,
          null,
          null,
          1,
          4,
          null,
          null
        ],
        "branches": {
        }
      },
      "/rails/app/controllers/products_controller.rb": {
        "lines": [
          null,
          null,
          null,
          null,
          null,
          1,
          null,
          null,
          null,
          null,
          1,
          3,
          null,
          null,
          null,
          null,
          null,
          null,
          null,
          1,
          3,
          null,
          null,
          null,
          null,
          null,
          null,
          null,
          null,
          null,
          1,
          7,
          null,
          7,
          4,
          null,
          3,
          null,
          null,
          null,
          null,
          null,
          null,
          null,
          null,
          null,
          1,
          6,
          6,
          null,
          6,
          3,
          null,
          3,
          null,
          null,
          null
        ],
        "branches": {
          "[:if, 0, 34, 4, 38, 7]": {
            "[:then, 1, 35, 6, 35, 75]": 4,
            "[:else, 2, 37, 6, 37, 91]": 3
          },
          "[:if, 3, 51, 4, 55, 7]": {
            "[:then, 4, 52, 6, 52, 73]": 3,
            "[:else, 5, 54, 6, 54, 91]": 3
          }
        }
      },
      "/rails/app/jobs/application_job.rb": {
        "lines": [
          null,
          null,
          1,
          null,
          null,
          null,
          null,
          null,
          null
        ],
        "branches": {
        }
      },
      "/rails/app/mailers/application_mailer.rb": {
        "lines": [
          null,
          null,
          null,
          null,
          null,
          1,
          1,
          1,
          null
        ],
        "branches": {
        }
      },
      "/rails/app/models/order_product.rb": {
        "lines": [
          null,
          null,
          null,
          null,
          null,
          null,
          1,
          null,
          1,
          1,
          null,
          null,
          1,
          null,
          1,
          null,
          null,
          null,
          null,
          null,
          null,
          1,
          37,
          null,
          null,
          null,
          null,
          null,
          null,
          1,
          36,
          null,
          null,
          null,
          1,
          1,
          null,
          null,
          1,
          1,
          null,
          null
        ],
        "branches": {
        }
      },
      "/rails/app/models/order.rb": {
        "lines": [
          null,
          null,
          null,
          null,
          null,
          1,
          null,
          1,
          null,
          null,
          1,
          null,
          null,
          1,
          null,
          null,
          1,
          1,
          null,
          null,
          null,
          1,
          1,
          null,
          null,
          1,
          1,
          null,
          null
        ],
        "branches": {
        }
      },
      "/rails/app/models/product.rb": {
        "lines": [
          null,
          null,
          null,
          null,
          null,
          1,
          null,
          1,
          null,
          null,
          1,
          1,
          null,
          null,
          1,
          1,
          null,
          null,
          1,
          1,
          null,
          null
        ],
        "branches": {
        }
      },
      "/rails/app/models/sku.rb": {
        "lines": [
          null,
          null,
          null,
          null,
          null,
          1,
          null,
          1,
          null,
          null,
          1,
          null,
          null,
          1,
          1,
          null,
          null,
          null,
          1,
          1,
          null,
          null,
          1,
          1,
          null,
          null
        ],
        "branches": {
        }
      }
    },
    "timestamp": 1720999710
  }
}
