{
  "RSpec": {
    "coverage": {
      "/Users/brett/Projects/senior-engineer-pricing-test/app/controllers/application_controller.rb": {
        "lines": [
          null,
          null,
          1,
          null
        ],
        "branches": {
        }
      },
      "/Users/brett/Projects/senior-engineer-pricing-test/app/helpers/application_helper.rb": {
        "lines": [
          null,
          null,
          null,
          null,
          null,
          1,
          null
        ],
        "branches": {
        }
      },
      "/Users/brett/Projects/senior-engineer-pricing-test/app/models/admin_user.rb": {
        "lines": [
          null,
          null,
          null,
          null,
          null,
          1,
          null,
          null,
          1,
          null,
          null
        ],
        "branches": {
        }
      },
      "/Users/brett/Projects/senior-engineer-pricing-test/app/models/application_record.rb": {
        "lines": [
          null,
          null,
          null,
          null,
          null,
          1,
          1,
          null
        ],
        "branches": {
        }
      },
      "/Users/brett/Projects/senior-engineer-pricing-test/app/jobs/application_job.rb": {
        "lines": [
          null,
          null,
          1,
          null,
          null,
          null,
          null,
          null,
          null
        ],
        "branches": {
        }
      },
      "/Users/brett/Projects/senior-engineer-pricing-test/app/mailers/application_mailer.rb": {
        "lines": [
          null,
          null,
          null,
          null,
          null,
          1,
          1,
          1,
          null
        ],
        "branches": {
        }
      },
      "/Users/brett/Projects/senior-engineer-pricing-test/app/models/order_product.rb": {
        "lines": [
          null,
          null,
          null,
          null,
          null,
          null,
          1,
          null,
          1,
          1,
          null,
          null,
          1,
          null,
          null,
          null,
          null,
          null,
          null,
          1,
          3,
          null,
          null,
          null,
          1,
          1,
          null,
          null,
          1,
          1,
          null,
          null
        ],
        "branches": {
        }
      },
      "/Users/brett/Projects/senior-engineer-pricing-test/app/models/order.rb": {
        "lines": [
          null,
          null,
          null,
          null,
          null,
          1,
          null,
          1,
          null,
          null,
          1,
          null,
          null,
          1,
          null,
          null,
          1,
          1,
          null,
          null,
          null,
          1,
          1,
          null,
          null,
          1,
          1,
          null,
          null
        ],
        "branches": {
        }
      },
      "/Users/brett/Projects/senior-engineer-pricing-test/app/models/product.rb": {
        "lines": [
          null,
          null,
          null,
          null,
          null,
          1,
          null,
          1,
          null,
          null,
          1,
          1,
          null,
          null,
          1,
          1,
          null,
          null,
          1,
          1,
          null,
          null
        ],
        "branches": {
        }
      },
      "/Users/brett/Projects/senior-engineer-pricing-test/app/models/sku.rb": {
        "lines": [
          null,
          null,
          null,
          null,
          null,
          1,
          null,
          1,
          null,
          null,
          1,
          null,
          null,
          1,
          1,
          null,
          null,
          null,
          1,
          1,
          null,
          null,
          1,
          1,
          null,
          null
        ],
        "branches": {
        }
      }
    },
    "timestamp": 1717410065
  }
}
